<?xml version="1.0" encoding="UTF-8"?>
<!-- Generated by org.testng.reporters.JUnitReportReporter -->
<testsuite hostname="DESKTOP-8TU0J60" failures="0" tests="1" name="tests.TestExample" time="11.945" errors="0" timestamp="2021-11-06T16:23:54 IST" skipped="0">
  <testcase classname="tests.TestExample" name="test_1" time="11.945"/>
  <system-out/>
</testsuite> <!-- tests.TestExample -->
